TN:
SF:/Users/kevin/Dropbox/Projects/tensor/src/index.js
FNF:0
FNH:0
LF:0
LH:0
BRF:0
BRH:0
end_of_record
TN:
SF:/Users/kevin/Dropbox/Projects/tensor/src/util.js
FN:1,createGL
FNF:1
FNH:0
FNDA:0,createGL
DA:2,0
DA:3,0
DA:4,0
DA:6,0
DA:8,0
DA:9,0
LF:6
LH:0
BRDA:2,0,0,0
BRDA:2,0,1,0
BRDA:6,1,0,0
BRDA:6,1,1,0
BRDA:8,2,0,0
BRDA:8,2,1,0
BRF:6
BRH:0
end_of_record
TN:
SF:/Users/kevin/Dropbox/Projects/tensor/src/runtime/check.js
FN:3,checkLinkError
FN:24,checkShaderError
FN:34,(anonymous_2)
FN:43,push
FN:50,(anonymous_4)
FN:57,(anonymous_5)
FN:97,leftPad
FN:105,ShaderFile
FN:112,ShaderLine
FN:118,ShaderError
FN:124,parseSource
FN:163,(anonymous_11)
FN:165,(anonymous_12)
FN:172,parseErrorLog
FN:174,(anonymous_14)
FN:191,annotateFiles
FN:192,(anonymous_16)
FNF:17
FNH:17
FNDA:15,checkLinkError
FNDA:34,checkShaderError
FNDA:4,(anonymous_2)
FNDA:16,push
FNDA:2,(anonymous_4)
FNDA:2,(anonymous_5)
FNDA:10,leftPad
FNDA:4,ShaderFile
FNDA:282,ShaderLine
FNDA:2,ShaderError
FNDA:2,parseSource
FNDA:4,(anonymous_11)
FNDA:282,(anonymous_12)
FNDA:2,parseErrorLog
FNDA:4,(anonymous_14)
FNDA:2,annotateFiles
FNDA:2,(anonymous_16)
DA:4,15
DA:5,0
DA:6,0
DA:7,0
DA:9,0
DA:12,0
DA:13,0
DA:17,0
DA:19,0
DA:25,34
DA:26,2
DA:27,2
DA:30,2
DA:31,2
DA:32,2
DA:34,2
DA:35,4
DA:36,4
DA:37,2
DA:40,2
DA:41,2
DA:44,16
DA:45,16
DA:48,2
DA:50,2
DA:51,2
DA:52,2
DA:53,2
DA:56,2
DA:57,2
DA:58,2
DA:59,2
DA:60,2
DA:61,2
DA:62,2
DA:63,2
DA:65,0
DA:66,0
DA:68,2
DA:70,0
DA:73,2
DA:74,2
DA:75,2
DA:76,2
DA:78,2
DA:80,0
DA:81,0
DA:84,2
DA:85,0
DA:86,0
DA:88,2
DA:92,2
DA:98,10
DA:99,10
DA:100,30
DA:102,10
DA:106,4
DA:107,4
DA:108,4
DA:109,4
DA:113,282
DA:114,282
DA:115,282
DA:119,2
DA:120,2
DA:121,2
DA:125,2
DA:126,2
DA:127,2
DA:128,2
DA:132,2
DA:133,2
DA:134,2
DA:135,280
DA:136,280
DA:137,280
DA:138,6
DA:140,0
DA:141,0
DA:142,0
DA:143,0
DA:144,0
DA:145,0
DA:146,0
DA:150,0
DA:152,6
DA:153,6
DA:154,0
DA:158,6
DA:161,280
DA:163,2
DA:164,4
DA:165,4
DA:166,282
DA:169,2
DA:173,2
DA:174,2
DA:175,4
DA:176,2
DA:178,2
DA:179,2
DA:180,2
DA:184,0
DA:185,0
DA:188,2
DA:192,2
DA:193,2
DA:194,2
DA:195,2
DA:196,2
DA:197,0
DA:198,0
DA:199,0
DA:202,2
DA:203,2
LF:115
LH:86
BRDA:4,0,0,0
BRDA:4,0,1,15
BRDA:12,1,0,0
BRDA:12,1,1,0
BRDA:25,2,0,2
BRDA:25,2,1,32
BRDA:27,3,0,2
BRDA:27,3,1,0
BRDA:36,4,0,2
BRDA:36,4,1,2
BRDA:45,5,0,16
BRDA:45,5,1,6
BRDA:51,6,0,2
BRDA:51,6,1,0
BRDA:60,7,0,2
BRDA:60,7,1,0
BRDA:63,8,0,0
BRDA:84,9,0,0
BRDA:84,9,1,2
BRDA:137,10,0,6
BRDA:137,10,1,274
BRDA:138,11,0,0
BRDA:138,11,1,6
BRDA:141,12,0,0
BRDA:141,12,1,0
BRDA:143,13,0,0
BRDA:143,13,1,0
BRDA:145,14,0,0
BRDA:145,14,1,0
BRDA:153,15,0,0
BRDA:153,15,1,6
BRDA:154,16,0,0
BRDA:154,16,1,0
BRDA:175,17,0,2
BRDA:175,17,1,2
BRDA:179,18,0,2
BRDA:179,18,1,0
BRDA:184,19,0,0
BRDA:184,19,1,0
BRDA:194,20,0,2
BRDA:194,20,1,0
BRDA:196,21,0,0
BRDA:196,21,1,2
BRF:43
BRH:20
end_of_record
TN:
SF:/Users/kevin/Dropbox/Projects/tensor/src/runtime/frag.js
FN:14,assembleFragmentShader
FN:18,(anonymous_1)
FN:19,(anonymous_2)
FN:20,(anonymous_3)
FN:22,(anonymous_4)
FNF:5
FNH:5
FNDA:31,assembleFragmentShader
FNDA:32,(anonymous_1)
FNDA:32,(anonymous_2)
FNDA:19,(anonymous_3)
FNDA:19,(anonymous_4)
DA:7,1
DA:8,1
DA:9,1
DA:10,1
DA:11,1
DA:12,1
DA:15,31
DA:17,29
DA:18,32
DA:19,32
DA:20,19
DA:22,29
DA:23,0
DA:25,29
DA:26,29
DA:27,29
DA:28,29
DA:30,29
DA:32,29
DA:33,29
DA:35,5
DA:36,1
DA:38,4
DA:40,28
DA:42,28
DA:43,28
DA:44,28
DA:46,28
LF:28
LH:27
BRDA:22,0,0,0
BRDA:22,0,1,29
BRDA:26,1,0,26
BRDA:26,1,1,3
BRDA:27,2,0,19
BRDA:27,2,1,10
BRDA:33,3,0,5
BRDA:33,3,1,24
BRDA:33,4,0,29
BRDA:33,4,1,7
BRDA:35,5,0,1
BRDA:35,5,1,4
BRDA:42,6,0,28
BRDA:42,6,1,0
BRF:14
BRH:12
end_of_record
TN:
SF:/Users/kevin/Dropbox/Projects/tensor/src/runtime/index.js
FN:7,Compile
FN:17,Run
FNF:2
FNH:2
FNDA:33,Compile
FNDA:30,Run
DA:8,33
DA:9,2
DA:11,31
DA:13,31
DA:14,31
DA:18,30
DA:20,25
DA:21,25
DA:22,25
DA:23,25
DA:25,25
DA:26,25
DA:27,25
DA:29,25
DA:30,30
DA:32,24
DA:33,23
DA:34,23
DA:36,23
DA:37,18
DA:39,18
DA:40,18
DA:41,18
DA:43,18
DA:44,18
DA:45,18
DA:46,18
DA:47,5
DA:54,24
DA:56,23
DA:57,23
DA:59,23
DA:60,23
DA:61,23
DA:62,23
LF:35
LH:35
BRDA:7,0,0,3
BRDA:8,1,0,2
BRDA:8,1,1,31
BRDA:11,2,0,29
BRDA:11,2,1,2
BRDA:17,3,0,5
BRDA:30,4,0,6
BRDA:30,4,1,24
BRDA:32,5,0,1
BRDA:32,5,1,23
BRDA:36,6,0,18
BRDA:36,6,1,5
BRDA:37,7,0,2
BRDA:37,7,1,16
BRDA:54,8,0,2
BRDA:54,8,1,22
BRF:16
BRH:16
end_of_record
TN:
SF:/Users/kevin/Dropbox/Projects/tensor/src/runtime/program.js
FN:19,getTensorProgram
FN:29,createTensorProgram
FN:38,addUniform
FN:52,setUniform
FN:65,bindAttributeBuffer
FN:75,extractUniformDeclarations
FN:84,createShaderProgram
FN:101,compileShader
FNF:8
FNH:8
FNDA:28,getTensorProgram
FNDA:16,createTensorProgram
FNDA:61,addUniform
FNDA:123,setUniform
FNDA:15,bindAttributeBuffer
FNDA:14,extractUniformDeclarations
FNDA:17,createShaderProgram
FNDA:34,compileShader
DA:3,1
DA:13,1
DA:16,1
DA:20,28
DA:21,28
DA:22,12
DA:24,16
DA:25,13
DA:26,13
DA:30,16
DA:32,14
DA:33,14
DA:35,14
DA:36,14
DA:39,61
DA:42,14
DA:43,41
DA:44,41
DA:45,7
DA:46,28
DA:47,34
DA:48,33
DA:49,1
DA:53,123
DA:56,13
DA:66,15
DA:67,15
DA:69,15
DA:70,15
DA:71,15
DA:76,14
DA:77,14
DA:78,14
DA:79,14
DA:80,41
DA:81,14
DA:85,17
DA:86,17
DA:88,15
DA:89,15
DA:90,15
DA:91,15
DA:95,15
DA:97,15
DA:102,34
DA:103,34
DA:104,34
DA:105,34
DA:106,34
DA:107,32
LF:50
LH:50
BRDA:20,0,0,3
BRDA:20,0,1,25
BRDA:21,1,0,12
BRDA:21,1,1,16
BRDA:44,2,0,7
BRDA:44,2,1,34
BRDA:47,3,0,33
BRDA:47,3,1,1
BRF:8
BRH:8
end_of_record
TN:
SF:/Users/kevin/Dropbox/Projects/tensor/src/runtime/tnsl.js
FN:19,TNSL
FN:23,(anonymous_1)
FN:24,(anonymous_2)
FNF:3
FNH:3
FNDA:41,TNSL
FNDA:40,(anonymous_1)
FNDA:8,(anonymous_2)
DA:20,41
DA:21,1
DA:23,40
DA:24,40
DA:25,8
DA:26,8
DA:27,11
DA:28,8
DA:29,2
DA:30,6
DA:31,4
DA:34,2
LF:12
LH:12
BRDA:20,0,0,1
BRDA:20,0,1,40
BRDA:28,1,0,2
BRDA:28,1,1,6
BRDA:30,2,0,4
BRDA:30,2,1,2
BRDA:30,3,0,6
BRDA:30,3,1,4
BRDA:30,3,2,4
BRDA:31,4,0,2
BRDA:31,4,1,2
BRF:11
BRH:11
end_of_record
TN:
SF:/Users/kevin/Dropbox/Projects/tensor/src/runtime/glsl/activations.js
FNF:0
FNH:0
LF:0
LH:0
BRF:0
BRH:0
end_of_record
TN:
SF:/Users/kevin/Dropbox/Projects/tensor/src/tensor/index.js
FN:18,(anonymous_0)
FN:41,(anonymous_1)
FN:91,(anonymous_2)
FN:98,(anonymous_3)
FN:124,(anonymous_4)
FN:125,(anonymous_5)
FN:137,(anonymous_6)
FN:144,(anonymous_7)
FN:159,(anonymous_8)
FN:163,(anonymous_9)
FN:168,(anonymous_10)
FN:188,(anonymous_11)
FN:195,(anonymous_12)
FN:220,(anonymous_13)
FN:223,(anonymous_14)
FN:226,(anonymous_15)
FN:229,(anonymous_16)
FN:247,(anonymous_17)
FN:259,(anonymous_18)
FN:263,(anonymous_19)
FN:278,makeFrameBuffer
FN:286,makeTexture
FNF:22
FNH:21
FNDA:63,(anonymous_0)
FNDA:239,(anonymous_1)
FNDA:57,(anonymous_2)
FNDA:68,(anonymous_3)
FNDA:3,(anonymous_4)
FNDA:10,(anonymous_5)
FNDA:2,(anonymous_6)
FNDA:3,(anonymous_7)
FNDA:43,(anonymous_8)
FNDA:3,(anonymous_9)
FNDA:42,(anonymous_10)
FNDA:1,(anonymous_11)
FNDA:39,(anonymous_12)
FNDA:2,(anonymous_13)
FNDA:18,(anonymous_14)
FNDA:0,(anonymous_15)
FNDA:1,(anonymous_16)
FNDA:1,(anonymous_17)
FNDA:1,(anonymous_18)
FNDA:1,(anonymous_19)
FNDA:43,makeFrameBuffer
FNDA:58,makeTexture
DA:19,63
DA:20,1
DA:21,62
DA:23,62
DA:25,17
DA:26,17
DA:27,17
DA:29,62
DA:31,1
DA:32,1
DA:33,1
DA:36,62
DA:38,62
DA:39,62
DA:41,239
DA:42,4
DA:44,58
DA:47,31
DA:48,27
DA:49,9
DA:50,18
DA:51,17
DA:52,1
DA:54,16
DA:57,1
DA:60,57
DA:61,3
DA:62,3
DA:64,3
DA:68,57
DA:69,47
DA:70,47
DA:72,10
DA:79,57
DA:80,57
DA:82,57
DA:83,57
DA:85,57
DA:87,57
DA:88,57
DA:92,57
DA:93,57
DA:95,57
DA:96,32
DA:97,17
DA:98,68
DA:99,0
DA:100,17
DA:102,32
DA:103,32
DA:104,32
DA:105,32
DA:107,32
DA:109,32
DA:110,32
DA:111,1
DA:113,56
DA:114,56
DA:115,56
DA:117,0
DA:118,0
DA:121,0
DA:124,3
DA:126,10
DA:133,10
DA:134,10
DA:135,10
DA:138,2
DA:139,1
DA:140,1
DA:141,1
DA:142,1
DA:144,3
DA:160,43
DA:161,43
DA:164,3
DA:165,3
DA:169,42
DA:171,42
DA:172,42
DA:173,42
DA:175,0
DA:176,0
DA:179,42
DA:180,42
DA:181,42
DA:189,1
DA:190,1
DA:191,1
DA:192,1
DA:196,39
DA:197,39
DA:198,35
DA:199,35
DA:200,4
DA:201,4
DA:202,4
DA:203,4
DA:204,16
DA:206,4
DA:207,0
DA:208,0
DA:209,0
DA:210,0
DA:211,0
DA:214,0
DA:217,0
DA:221,2
DA:224,18
DA:227,0
DA:230,1
DA:248,1
DA:250,1
DA:255,1
DA:256,1
DA:260,1
DA:261,1
DA:264,1
DA:265,1
DA:266,1
DA:270,1
DA:272,1
DA:273,1
DA:279,43
DA:280,43
DA:281,43
DA:282,43
DA:287,58
DA:288,58
DA:290,58
DA:291,58
DA:292,58
DA:293,58
DA:295,58
LF:134
LH:120
BRDA:18,0,0,1
BRDA:18,1,0,35
BRDA:18,2,0,59
BRDA:19,3,0,1
BRDA:19,3,1,62
BRDA:23,4,0,17
BRDA:23,4,1,45
BRDA:29,5,0,1
BRDA:29,5,1,61
BRDA:29,6,0,62
BRDA:29,6,1,1
BRDA:29,6,2,1
BRDA:36,7,0,62
BRDA:36,7,1,18
BRDA:41,8,0,4
BRDA:41,8,1,58
BRDA:41,9,0,239
BRDA:41,9,1,239
BRDA:41,9,2,236
BRDA:44,10,0,31
BRDA:44,10,1,27
BRDA:44,11,0,58
BRDA:44,11,1,46
BRDA:44,11,2,41
BRDA:44,11,3,38
BRDA:44,11,4,34
BRDA:44,11,5,32
BRDA:48,12,0,9
BRDA:48,12,1,18
BRDA:48,13,0,27
BRDA:48,13,1,26
BRDA:48,13,2,22
BRDA:50,14,0,17
BRDA:50,14,1,1
BRDA:51,15,0,1
BRDA:51,15,1,16
BRDA:60,16,0,3
BRDA:60,16,1,54
BRDA:61,17,0,3
BRDA:61,17,1,0
BRDA:61,18,0,3
BRDA:61,18,1,3
BRDA:68,19,0,47
BRDA:68,19,1,10
BRDA:68,20,0,57
BRDA:68,20,1,47
BRDA:68,20,2,0
BRDA:68,20,3,0
BRDA:85,21,0,13
BRDA:85,21,1,44
BRDA:95,22,0,32
BRDA:95,22,1,25
BRDA:96,23,0,17
BRDA:96,23,1,15
BRDA:98,24,0,0
BRDA:98,24,1,17
BRDA:102,25,0,0
BRDA:102,25,1,32
BRDA:102,26,0,32
BRDA:102,26,1,0
BRDA:102,26,2,0
BRDA:103,27,0,4
BRDA:103,27,1,28
BRDA:104,28,0,2
BRDA:104,28,1,30
BRDA:105,29,0,5
BRDA:105,29,1,27
BRDA:107,30,0,26
BRDA:107,30,1,6
BRDA:110,31,0,1
BRDA:110,31,1,31
BRDA:113,32,0,46
BRDA:113,32,1,10
BRDA:114,33,0,56
BRDA:114,33,1,0
BRDA:114,34,0,56
BRDA:114,34,1,56
BRDA:114,34,2,31
BRDA:117,35,0,0
BRDA:117,35,1,0
BRDA:117,36,0,0
BRDA:117,36,1,0
BRDA:117,36,2,0
BRDA:125,37,0,0
BRDA:138,38,0,1
BRDA:138,38,1,1
BRDA:171,39,0,42
BRDA:171,39,1,0
BRDA:171,40,0,42
BRDA:171,40,1,36
BRDA:197,41,0,35
BRDA:197,41,1,4
BRDA:200,42,0,4
BRDA:200,42,1,0
BRDA:207,43,0,0
BRDA:207,43,1,0
BRDA:209,44,0,0
BRDA:209,44,1,0
BRDA:209,45,0,0
BRDA:209,45,1,0
BRDA:253,46,0,1
BRDA:253,46,1,0
BRF:102
BRH:79
end_of_record
TN:
SF:/Users/kevin/Dropbox/Projects/tensor/src/tensor/pack.js
FN:4,packTensor
FN:47,unpackTensor
FN:48,(anonymous_2)
FNF:3
FNH:3
FNDA:17,packTensor
FNDA:39,unpackTensor
FNDA:117,(anonymous_2)
DA:5,17
DA:10,17
DA:11,17
DA:12,17
DA:13,17
DA:14,17
DA:15,17
DA:16,17
DA:17,17
DA:19,17
DA:20,16
DA:21,1
DA:22,1
DA:25,17
DA:27,17
DA:28,17
DA:29,21
DA:30,21
DA:31,21
DA:34,21
DA:39,21
DA:42,17
DA:48,117
DA:49,39
DA:51,39
DA:52,39
DA:53,39
DA:54,39
DA:55,39
DA:56,39
DA:57,39
DA:59,39
DA:61,39
DA:62,39
DA:63,47
DA:64,47
DA:65,47
DA:68,47
DA:73,47
DA:77,39
LF:40
LH:40
BRDA:4,0,0,0
BRDA:19,1,0,16
BRDA:19,1,1,1
BRDA:21,2,0,1
BRDA:21,2,1,0
BRF:5
BRH:3
end_of_record
TN:
SF:/Users/kevin/Dropbox/Projects/tensor/src/tensor/show.js
FN:20,showTexture
FNF:1
FNH:1
FNDA:3,showTexture
DA:3,1
DA:12,1
DA:21,3
DA:22,1
DA:23,1
DA:24,1
DA:25,1
DA:28,3
DA:29,3
DA:30,3
DA:32,3
DA:33,3
DA:34,3
LF:13
LH:13
BRDA:21,0,0,1
BRDA:21,0,1,2
BRF:2
BRH:2
end_of_record
