TN:
SF:/Users/kevin/Projects/next/src/index.js
FNF:0
FNH:0
LF:0
LH:0
BRF:0
BRH:0
end_of_record
TN:
SF:/Users/kevin/Projects/next/src/util.js
FN:1,createGL
FNF:1
FNH:0
FNDA:0,createGL
DA:2,0
DA:3,0
DA:4,0
DA:5,0
DA:6,0
DA:7,0
DA:8,0
DA:10,0
DA:12,0
DA:13,0
LF:10
LH:0
BRDA:2,0,0,0
BRDA:2,0,1,0
BRDA:10,1,0,0
BRDA:10,1,1,0
BRDA:12,2,0,0
BRDA:12,2,1,0
BRF:6
BRH:0
end_of_record
TN:
SF:/Users/kevin/Projects/next/src/format/index.js
FNF:0
FNH:0
LF:0
LH:0
BRF:0
BRH:0
end_of_record
TN:
SF:/Users/kevin/Projects/next/src/format/1-4/index.js
FNF:0
FNH:0
LF:0
LH:0
BRF:0
BRH:0
end_of_record
TN:
SF:/Users/kevin/Projects/next/src/format/1-4/activation/index.js
FNF:0
FNH:0
LF:0
LH:0
BRF:0
BRH:0
end_of_record
TN:
SF:/Users/kevin/Projects/next/src/format/1-4/codec/fixnum/index.js
FN:6,init
FN:12,encode
FN:21,decode
FNF:3
FNH:0
FNDA:0,init
FNDA:0,encode
FNDA:0,decode
DA:3,1
DA:4,1
DA:7,0
DA:13,0
DA:14,0
DA:15,0
DA:16,0
DA:17,0
DA:22,0
LF:9
LH:2
BRDA:8,0,0,0
BRDA:8,0,1,0
BRF:2
BRH:0
end_of_record
TN:
SF:/Users/kevin/Projects/next/src/format/1-4/codec/softfloat/index.js
FN:6,init
FN:13,encode
FN:18,decode
FNF:3
FNH:3
FNDA:72,init
FNDA:281,encode
FNDA:1465,decode
DA:3,1
DA:4,1
DA:7,72
DA:10,1
DA:11,1
DA:14,281
DA:15,281
DA:19,1465
DA:20,1465
LF:9
LH:9
BRF:0
BRH:0
end_of_record
TN:
SF:/Users/kevin/Projects/next/src/format/1-4/pack/stride/index.js
FN:7,init
FN:23,pack
FN:58,unpack
FN:62,(anonymous_3)
FNF:4
FNH:4
FNDA:72,init
FNDA:22,pack
FNDA:44,unpack
FNDA:132,(anonymous_3)
DA:4,1
DA:5,1
DA:11,72
DA:12,72
DA:13,72
DA:14,72
DA:25,22
DA:30,22
DA:31,22
DA:33,22
DA:34,0
DA:35,22
DA:36,22
DA:39,22
DA:40,49
DA:41,122
DA:42,249
DA:43,281
DA:48,281
DA:54,22
DA:59,44
DA:61,44
DA:62,132
DA:64,44
DA:68,44
DA:69,123
DA:70,444
DA:71,1401
DA:72,1465
DA:77,1465
DA:82,44
LF:31
LH:30
BRDA:33,0,0,0
BRDA:33,0,1,22
BRDA:35,1,0,22
BRDA:35,1,1,0
BRDA:59,2,0,0
BRDA:59,2,1,44
BRF:6
BRH:3
end_of_record
TN:
SF:/Users/kevin/Projects/next/src/format/1-4/pack/tile/index.js
FN:8,init
FN:27,pack
FN:46,unpack
FNF:3
FNH:0
FNDA:0,init
FNDA:0,pack
FNDA:0,unpack
DA:3,1
DA:4,1
DA:9,0
DA:14,0
DA:15,0
DA:18,0
DA:20,0
DA:42,0
DA:48,0
LF:9
LH:2
BRF:0
BRH:0
end_of_record
TN:
SF:/Users/kevin/Projects/next/src/format/4-4/index.js
FNF:0
FNH:0
LF:0
LH:0
BRF:0
BRH:0
end_of_record
TN:
SF:/Users/kevin/Projects/next/src/format/4-4/activation/index.js
FNF:0
FNH:0
LF:0
LH:0
BRF:0
BRH:0
end_of_record
TN:
SF:/Users/kevin/Projects/next/src/format/4-4/codec/linquant/index.js
FN:6,init
FN:17,encode
FN:27,decode
FNF:3
FNH:0
FNDA:0,init
FNDA:0,encode
FNDA:0,decode
DA:3,1
DA:4,1
DA:7,0
DA:19,0
DA:20,0
DA:21,0
DA:22,0
DA:28,0
DA:29,0
DA:30,0
DA:31,0
LF:11
LH:2
BRDA:9,0,0,0
BRDA:9,0,1,0
BRDA:10,1,0,0
BRDA:10,1,1,0
BRF:4
BRH:0
end_of_record
TN:
SF:/Users/kevin/Projects/next/src/format/4-4/codec/raw/index.js
FN:6,init
FN:10,encode
FN:18,decode
FNF:3
FNH:1
FNDA:2,init
FNDA:0,encode
FNDA:0,decode
DA:3,1
DA:4,1
DA:7,2
DA:11,0
DA:12,0
DA:13,0
DA:14,0
DA:19,0
DA:20,0
DA:21,0
DA:22,0
LF:11
LH:3
BRF:0
BRH:0
end_of_record
TN:
SF:/Users/kevin/Projects/next/src/format/4-4/pack/stride/index.js
FN:7,init
FN:25,pack
FN:72,unpack
FN:74,(anonymous_3)
FNF:4
FNH:1
FNDA:1,init
FNDA:0,pack
FNDA:0,unpack
FNDA:0,(anonymous_3)
DA:3,1
DA:4,1
DA:8,1
DA:9,1
DA:10,1
DA:11,1
DA:27,0
DA:32,0
DA:33,0
DA:34,0
DA:36,0
DA:37,0
DA:38,0
DA:39,0
DA:42,0
DA:44,0
DA:45,0
DA:46,0
DA:47,0
DA:48,0
DA:50,0
DA:56,0
DA:57,0
DA:68,0
DA:73,0
DA:74,0
DA:76,0
DA:77,0
DA:78,0
DA:81,0
DA:82,0
DA:89,0
DA:90,0
DA:91,0
DA:92,0
DA:93,0
DA:95,0
DA:100,0
DA:107,0
DA:108,0
DA:115,0
LF:41
LH:6
BRDA:36,0,0,0
BRDA:36,0,1,0
BRDA:38,1,0,0
BRDA:38,1,1,0
BRDA:59,2,0,0
BRDA:59,2,1,0
BRDA:60,3,0,0
BRDA:60,3,1,0
BRDA:61,4,0,0
BRDA:61,4,1,0
BRDA:62,5,0,0
BRDA:62,5,1,0
BRF:12
BRH:0
end_of_record
TN:
SF:/Users/kevin/Projects/next/src/format/4-4/pack/tile/index.js
FN:6,init
FN:27,pack
FN:74,unpack
FNF:3
FNH:1
FNDA:1,init
FNDA:0,pack
FNDA:0,unpack
DA:3,1
DA:4,1
DA:7,1
DA:12,1
DA:13,1
DA:16,1
DA:18,1
DA:28,0
DA:33,0
DA:34,0
DA:35,0
DA:36,0
DA:37,0
DA:38,0
DA:39,0
DA:40,0
DA:42,0
DA:43,0
DA:44,0
DA:45,0
DA:49,0
DA:50,0
DA:51,0
DA:52,0
DA:54,0
DA:55,0
DA:57,0
DA:58,0
DA:60,0
DA:61,0
DA:71,0
DA:75,0
LF:32
LH:7
BRDA:42,0,0,0
BRDA:42,0,1,0
BRDA:44,1,0,0
BRDA:44,1,1,0
BRDA:63,2,0,0
BRDA:63,2,1,0
BRDA:64,3,0,0
BRDA:64,3,1,0
BRDA:65,4,0,0
BRDA:65,4,1,0
BRDA:66,5,0,0
BRDA:66,5,1,0
BRF:12
BRH:0
end_of_record
TN:
SF:/Users/kevin/Projects/next/src/runtime/check.js
FN:3,checkLinkError
FN:27,checkShaderError
FN:37,(anonymous_2)
FN:46,push
FN:53,(anonymous_4)
FN:60,(anonymous_5)
FN:99,checkFramebufferError
FN:114,leftPad
FN:122,ShaderFile
FN:129,ShaderLine
FN:135,ShaderError
FN:141,parseSource
FN:180,(anonymous_12)
FN:182,(anonymous_13)
FN:189,parseErrorLog
FN:191,(anonymous_15)
FN:208,annotateFiles
FN:209,(anonymous_17)
FNF:18
FNH:3
FNDA:21,checkLinkError
FNDA:42,checkShaderError
FNDA:0,(anonymous_2)
FNDA:0,push
FNDA:0,(anonymous_4)
FNDA:0,(anonymous_5)
FNDA:109,checkFramebufferError
FNDA:0,leftPad
FNDA:0,ShaderFile
FNDA:0,ShaderLine
FNDA:0,ShaderError
FNDA:0,parseSource
FNDA:0,(anonymous_12)
FNDA:0,(anonymous_13)
FNDA:0,parseErrorLog
FNDA:0,(anonymous_15)
FNDA:0,annotateFiles
FNDA:0,(anonymous_17)
DA:4,21
DA:5,0
DA:6,0
DA:7,0
DA:9,0
DA:12,0
DA:13,0
DA:17,0
DA:20,0
DA:22,0
DA:28,42
DA:29,0
DA:30,0
DA:33,0
DA:34,0
DA:35,0
DA:37,0
DA:38,0
DA:39,0
DA:40,0
DA:43,0
DA:44,0
DA:47,0
DA:48,0
DA:51,0
DA:53,0
DA:54,0
DA:55,0
DA:56,0
DA:59,0
DA:60,0
DA:61,0
DA:62,0
DA:63,0
DA:64,0
DA:65,0
DA:66,0
DA:68,0
DA:69,0
DA:71,0
DA:73,0
DA:76,0
DA:77,0
DA:78,0
DA:79,0
DA:81,0
DA:83,0
DA:84,0
DA:87,0
DA:88,0
DA:89,0
DA:91,0
DA:95,0
DA:101,109
DA:102,109
DA:103,0
DA:104,0
DA:105,0
DA:106,0
DA:107,0
DA:108,0
DA:109,0
DA:115,0
DA:116,0
DA:117,0
DA:119,0
DA:123,0
DA:124,0
DA:125,0
DA:126,0
DA:130,0
DA:131,0
DA:132,0
DA:136,0
DA:137,0
DA:138,0
DA:142,0
DA:143,0
DA:144,0
DA:145,0
DA:149,0
DA:150,0
DA:151,0
DA:152,0
DA:153,0
DA:154,0
DA:155,0
DA:157,0
DA:158,0
DA:159,0
DA:160,0
DA:161,0
DA:162,0
DA:163,0
DA:167,0
DA:169,0
DA:170,0
DA:171,0
DA:175,0
DA:178,0
DA:180,0
DA:181,0
DA:182,0
DA:183,0
DA:186,0
DA:190,0
DA:191,0
DA:192,0
DA:193,0
DA:195,0
DA:196,0
DA:197,0
DA:201,0
DA:202,0
DA:205,0
DA:209,0
DA:210,0
DA:211,0
DA:212,0
DA:213,0
DA:214,0
DA:215,0
DA:216,0
DA:219,0
DA:220,0
LF:125
LH:4
BRDA:4,0,0,0
BRDA:4,0,1,21
BRDA:12,1,0,0
BRDA:12,1,1,0
BRDA:28,2,0,0
BRDA:28,2,1,42
BRDA:30,3,0,0
BRDA:30,3,1,0
BRDA:39,4,0,0
BRDA:39,4,1,0
BRDA:48,5,0,0
BRDA:48,5,1,0
BRDA:54,6,0,0
BRDA:54,6,1,0
BRDA:63,7,0,0
BRDA:63,7,1,0
BRDA:66,8,0,0
BRDA:87,9,0,0
BRDA:87,9,1,0
BRDA:102,10,0,0
BRDA:102,10,1,109
BRDA:154,11,0,0
BRDA:154,11,1,0
BRDA:155,12,0,0
BRDA:155,12,1,0
BRDA:158,13,0,0
BRDA:158,13,1,0
BRDA:160,14,0,0
BRDA:160,14,1,0
BRDA:162,15,0,0
BRDA:162,15,1,0
BRDA:170,16,0,0
BRDA:170,16,1,0
BRDA:171,17,0,0
BRDA:171,17,1,0
BRDA:192,18,0,0
BRDA:192,18,1,0
BRDA:196,19,0,0
BRDA:196,19,1,0
BRDA:201,20,0,0
BRDA:201,20,1,0
BRDA:211,21,0,0
BRDA:211,21,1,0
BRDA:213,22,0,0
BRDA:213,22,1,0
BRF:45
BRH:3
end_of_record
TN:
SF:/Users/kevin/Projects/next/src/runtime/frag.js
FN:9,assembleFragmentShader
FNF:1
FNH:1
FNDA:115,assembleFragmentShader
DA:6,1
DA:10,115
DA:12,113
DA:13,113
DA:14,180
DA:15,161
DA:17,161
DA:18,161
DA:20,161
DA:22,39
DA:27,113
DA:30,113
DA:31,1
DA:33,112
DA:34,112
DA:35,112
DA:38,112
DA:40,47
DA:43,112
DA:47,112
LF:20
LH:20
BRDA:14,0,0,161
BRDA:14,0,1,19
BRDA:20,1,0,39
BRDA:20,1,1,122
BRDA:20,2,0,161
BRDA:20,2,1,161
BRDA:20,2,2,122
BRDA:20,2,3,0
BRDA:27,3,0,5
BRDA:27,3,1,108
BRDA:27,4,0,113
BRDA:27,4,1,7
BRDA:30,5,0,1
BRDA:30,5,1,112
BRDA:38,6,0,47
BRDA:38,6,1,65
BRDA:38,7,0,112
BRDA:38,7,1,111
BRDA:38,7,2,65
BRDA:38,7,3,1
BRF:20
BRH:19
end_of_record
TN:
SF:/Users/kevin/Projects/next/src/runtime/index.js
FN:9,Compile
FN:23,Run
FN:87,(anonymous_2)
FNF:3
FNH:2
FNDA:117,Compile
FNDA:115,Run
FNDA:0,(anonymous_2)
DA:10,117
DA:11,117
DA:12,2
DA:14,115
DA:16,115
DA:17,115
DA:18,111
DA:20,111
DA:24,115
DA:26,111
DA:28,111
DA:29,111
DA:30,0
DA:36,111
DA:37,111
DA:38,111
DA:40,111
DA:41,111
DA:42,111
DA:44,111
DA:45,178
DA:47,172
DA:48,160
DA:49,160
DA:50,160
DA:52,160
DA:53,480
DA:56,160
DA:57,160
DA:58,160
DA:60,160
DA:61,12
DA:62,11
DA:64,1
DA:72,110
DA:74,109
DA:75,327
DA:78,109
DA:79,109
DA:80,109
DA:82,109
DA:86,109
DA:87,0
DA:89,0
DA:94,109
LF:45
LH:42
BRDA:9,0,0,2
BRDA:11,1,0,2
BRDA:11,1,1,115
BRDA:14,2,0,113
BRDA:14,2,1,2
BRDA:23,3,0,5
BRDA:23,4,0,115
BRDA:28,5,0,0
BRDA:28,5,1,111
BRDA:28,6,0,111
BRDA:28,6,1,0
BRDA:29,7,0,0
BRDA:29,7,1,111
BRDA:45,8,0,6
BRDA:45,8,1,172
BRDA:47,9,0,160
BRDA:47,9,1,12
BRDA:49,10,0,0
BRDA:49,10,1,160
BRDA:50,11,0,85
BRDA:50,11,1,75
BRDA:61,12,0,11
BRDA:61,12,1,1
BRDA:72,13,0,65
BRDA:72,13,1,45
BRDA:86,14,0,0
BRDA:86,14,1,109
BRF:27
BRH:22
end_of_record
TN:
SF:/Users/kevin/Projects/next/src/runtime/program.js
FN:16,getTensorProgram
FN:26,createTensorProgram
FN:35,addUniform
FN:46,setUniform
FN:62,bindAttributeBuffer
FN:72,extractUniformDeclarations
FN:81,createShaderProgram
FN:102,compileShader
FNF:8
FNH:8
FNDA:112,getTensorProgram
FNDA:20,createTensorProgram
FNDA:119,addUniform
FNDA:978,setUniform
FNDA:21,bindAttributeBuffer
FNDA:20,extractUniformDeclarations
FNDA:21,createShaderProgram
FNDA:42,compileShader
DA:3,1
DA:12,1
DA:17,112
DA:18,112
DA:19,92
DA:21,20
DA:22,19
DA:23,19
DA:27,20
DA:29,20
DA:30,20
DA:32,20
DA:33,20
DA:36,119
DA:39,20
DA:40,120
DA:41,120
DA:42,119
DA:43,1
DA:47,978
DA:48,0
DA:50,978
DA:53,19
DA:63,21
DA:64,21
DA:66,21
DA:67,21
DA:68,21
DA:73,20
DA:74,20
DA:75,20
DA:76,20
DA:77,120
DA:78,20
DA:82,21
DA:83,21
DA:89,21
DA:90,21
DA:91,21
DA:92,21
DA:96,21
DA:98,21
DA:103,42
DA:104,42
DA:105,42
DA:106,42
DA:107,42
DA:108,42
LF:48
LH:47
BRDA:17,0,0,5
BRDA:17,0,1,107
BRDA:18,1,0,92
BRDA:18,1,1,20
BRDA:41,2,0,119
BRDA:41,2,1,1
BRDA:47,3,0,0
BRDA:47,3,1,978
BRF:8
BRH:7
end_of_record
TN:
SF:/Users/kevin/Projects/next/src/runtime/timer.js
FN:1,now
FN:9,getTimer
FN:22,beginTimer
FN:29,endTimer
FN:38,createTimer
FN:42,allocQuery
FN:45,freeQuery
FN:50,beginQuery
FN:56,endQuery
FN:60,callback
FN:67,monitorPending
FN:82,loop
FNF:12
FNH:1
FNDA:228,now
FNDA:0,getTimer
FNDA:0,beginTimer
FNDA:0,endTimer
FNDA:0,createTimer
FNDA:0,allocQuery
FNDA:0,freeQuery
FNDA:0,beginQuery
FNDA:0,endQuery
FNDA:0,callback
FNDA:0,monitorPending
FNDA:0,loop
DA:2,228
DA:3,228
DA:5,0
DA:10,0
DA:11,0
DA:12,0
DA:13,0
DA:14,0
DA:15,0
DA:17,0
DA:19,0
DA:23,0
DA:24,0
DA:25,0
DA:30,0
DA:31,0
DA:32,0
DA:33,0
DA:34,0
DA:39,0
DA:41,0
DA:43,0
DA:46,0
DA:49,0
DA:51,0
DA:52,0
DA:53,0
DA:57,0
DA:61,0
DA:62,0
DA:63,0
DA:64,0
DA:68,0
DA:69,0
DA:70,0
DA:71,0
DA:72,0
DA:73,0
DA:74,0
DA:75,0
DA:81,0
DA:83,0
DA:84,0
DA:85,0
DA:87,0
DA:91,0
DA:92,0
DA:94,0
DA:95,0
DA:96,0
DA:97,0
DA:101,0
DA:102,0
DA:103,0
DA:104,0
DA:105,0
DA:107,0
DA:108,0
DA:109,0
LF:59
LH:2
BRDA:2,0,0,228
BRDA:2,0,1,0
BRDA:10,1,0,0
BRDA:10,1,1,0
BRDA:11,2,0,0
BRDA:11,2,1,0
BRDA:13,3,0,0
BRDA:13,3,1,0
BRDA:13,4,0,0
BRDA:13,4,1,0
BRDA:22,5,0,0
BRDA:24,6,0,0
BRDA:24,6,1,0
BRDA:31,7,0,0
BRDA:31,7,1,0
BRDA:33,8,0,0
BRDA:33,8,1,0
BRDA:43,9,0,0
BRDA:43,9,1,0
BRDA:64,10,0,0
BRDA:64,10,1,0
BRDA:70,11,0,0
BRDA:70,11,1,0
BRDA:83,12,0,0
BRDA:83,12,1,0
BRDA:93,13,0,0
BRDA:94,14,0,0
BRDA:94,14,1,0
BRDA:107,15,0,0
BRDA:107,15,1,0
BRF:30
BRH:1
end_of_record
TN:
SF:/Users/kevin/Projects/next/src/runtime/tnsl.js
FN:19,TNSL
FN:23,(anonymous_1)
FN:29,(anonymous_2)
FN:45,(anonymous_3)
FN:57,(anonymous_4)
FNF:5
FNH:5
FNDA:125,TNSL
FNDA:124,(anonymous_1)
FNDA:65,(anonymous_2)
FNDA:53,(anonymous_3)
FNDA:502,(anonymous_4)
DA:20,125
DA:21,1
DA:23,124
DA:24,124
DA:30,65
DA:31,65
DA:32,125
DA:33,65
DA:34,2
DA:35,63
DA:36,61
DA:39,2
DA:46,53
DA:47,53
DA:48,53
DA:49,53
DA:50,0
DA:51,0
DA:53,0
DA:58,502
DA:59,188
DA:61,314
LF:22
LH:19
BRDA:20,0,0,1
BRDA:20,0,1,124
BRDA:33,1,0,2
BRDA:33,1,1,63
BRDA:35,2,0,61
BRDA:35,2,1,2
BRDA:35,3,0,63
BRDA:35,3,1,61
BRDA:35,3,2,61
BRDA:36,4,0,59
BRDA:36,4,1,2
BRDA:46,5,0,53
BRDA:46,5,1,0
BRDA:46,6,0,53
BRDA:46,6,1,53
BRDA:49,7,0,53
BRDA:49,7,1,0
BRDA:49,8,0,53
BRDA:49,8,1,0
BRDA:58,9,0,188
BRDA:58,9,1,314
BRDA:58,10,0,502
BRDA:58,10,1,188
BRF:23
BRH:20
end_of_record
TN:
SF:/Users/kevin/Projects/next/src/tensor/base.js
FN:19,(anonymous_0)
FN:27,(anonymous_1)
FN:56,(anonymous_2)
FN:79,(anonymous_3)
FN:87,(anonymous_4)
FN:97,(anonymous_5)
FNF:6
FNH:6
FNDA:79,(anonymous_0)
FNDA:241,(anonymous_1)
FNDA:106,(anonymous_2)
FNDA:106,(anonymous_3)
FNDA:1137,(anonymous_4)
FNDA:11,(anonymous_5)
DA:21,79
DA:22,79
DA:25,79
DA:26,79
DA:27,241
DA:28,4
DA:29,75
DA:30,75
DA:33,75
DA:34,1
DA:35,74
DA:36,74
DA:37,74
DA:38,0
DA:39,74
DA:40,0
DA:41,0
DA:43,74
DA:46,74
DA:50,74
DA:53,74
DA:54,74
DA:57,106
DA:58,23
DA:59,23
DA:60,1
DA:61,23
DA:62,0
DA:63,0
DA:64,0
DA:65,0
DA:66,0
DA:67,0
DA:68,0
DA:69,23
DA:70,1
DA:72,105
DA:73,105
DA:74,105
DA:80,106
DA:81,23
DA:83,1
DA:84,1
DA:88,1137
DA:97,11
LF:45
LH:35
BRDA:21,0,0,0
BRDA:21,0,1,79
BRDA:25,1,0,0
BRDA:25,1,1,79
BRDA:26,2,0,0
BRDA:26,2,1,79
BRDA:27,3,0,4
BRDA:27,3,1,75
BRDA:27,4,0,241
BRDA:27,4,1,241
BRDA:27,4,2,238
BRDA:33,5,0,1
BRDA:33,5,1,74
BRDA:35,6,0,74
BRDA:35,6,1,0
BRDA:37,7,0,0
BRDA:37,7,1,74
BRDA:39,8,0,0
BRDA:39,8,1,74
BRDA:50,9,0,0
BRDA:50,9,1,74
BRDA:57,10,0,23
BRDA:57,10,1,83
BRDA:58,11,0,23
BRDA:58,11,1,0
BRDA:59,12,0,1
BRDA:59,12,1,22
BRDA:59,13,0,23
BRDA:59,13,1,22
BRDA:61,14,0,0
BRDA:61,14,1,23
BRDA:63,15,0,0
BRDA:63,15,1,0
BRDA:64,16,0,0
BRDA:64,16,1,0
BRDA:64,17,0,0
BRDA:64,17,1,0
BRDA:66,18,0,0
BRDA:66,18,1,0
BRDA:69,19,0,1
BRDA:69,19,1,22
BRDA:76,20,0,105
BRDA:76,20,1,0
BRDA:80,21,0,83
BRDA:80,21,1,23
BRDA:81,22,0,22
BRDA:81,22,1,1
BRDA:83,23,0,1
BRDA:83,23,1,0
BRF:49
BRH:30
end_of_record
TN:
SF:/Users/kevin/Projects/next/src/tensor/feature.js
FN:4,runFeatureTests
FN:58,testRenderFloat
FN:80,testReadFloat
FNF:3
FNH:1
FNDA:80,runFeatureTests
FNDA:0,testRenderFloat
FNDA:0,testReadFloat
DA:5,80
DA:6,6
DA:7,5
DA:9,5
DA:11,5
DA:14,79
DA:15,0
DA:16,0
DA:17,0
DA:20,0
DA:22,0
DA:25,0
DA:26,0
DA:27,0
DA:31,0
DA:33,0
DA:41,1
DA:47,1
DA:59,0
DA:60,0
DA:61,0
DA:63,0
DA:64,0
DA:65,0
DA:67,0
DA:68,0
DA:69,0
DA:71,0
DA:72,0
DA:73,0
DA:74,0
DA:76,0
DA:81,0
DA:82,0
DA:83,0
DA:85,0
DA:86,0
DA:87,0
DA:89,0
DA:90,0
DA:91,0
DA:93,0
DA:94,0
DA:95,0
DA:97,0
DA:98,0
DA:99,0
DA:102,0
DA:107,0
LF:49
LH:8
BRDA:5,0,0,6
BRDA:5,0,1,74
BRDA:5,1,0,80
BRDA:5,1,1,6
BRDA:6,2,0,5
BRDA:6,2,1,0
BRDA:14,3,0,0
BRDA:14,3,1,79
BRDA:15,4,0,0
BRDA:15,4,1,0
BRDA:15,5,0,0
BRDA:15,5,1,0
BRDA:16,6,0,0
BRDA:16,6,1,0
BRDA:25,7,0,0
BRDA:25,7,1,0
BRDA:25,8,0,0
BRDA:25,8,1,0
BRDA:25,8,2,0
BRDA:26,9,0,0
BRDA:26,9,1,0
BRF:21
BRH:6
end_of_record
TN:
SF:/Users/kevin/Projects/next/src/tensor/helpers.js
FN:1,makeFrameBuffer
FN:9,makeTexture
FNF:2
FNH:2
FNDA:54,makeFrameBuffer
FNDA:106,makeTexture
DA:2,54
DA:3,54
DA:4,54
DA:5,54
DA:10,106
DA:11,106
DA:12,106
DA:13,106
DA:14,106
DA:15,106
DA:17,106
LF:11
LH:11
BRF:0
BRH:0
end_of_record
TN:
SF:/Users/kevin/Projects/next/src/tensor/index.js
FN:23,(anonymous_0)
FN:78,(anonymous_1)
FN:88,(anonymous_2)
FN:95,(anonymous_3)
FN:96,(anonymous_4)
FN:104,(anonymous_5)
FN:111,(anonymous_6)
FN:114,(anonymous_7)
FN:117,(anonymous_8)
FN:119,(anonymous_9)
FN:121,(anonymous_10)
FN:124,(anonymous_11)
FN:130,(anonymous_12)
FN:135,(anonymous_13)
FN:140,(anonymous_14)
FN:157,(anonymous_15)
FN:160,(anonymous_16)
FN:164,(anonymous_17)
FN:166,(anonymous_18)
FN:183,(anonymous_19)
FN:191,(anonymous_20)
FN:195,(anonymous_21)
FNF:22
FNH:18
FNDA:80,(anonymous_0)
FNDA:32,(anonymous_1)
FNDA:2,(anonymous_2)
FNDA:1,(anonymous_3)
FNDA:2,(anonymous_4)
FNDA:1,(anonymous_5)
FNDA:0,(anonymous_6)
FNDA:0,(anonymous_7)
FNDA:1,(anonymous_8)
FNDA:1,(anonymous_9)
FNDA:1,(anonymous_10)
FNDA:3,(anonymous_11)
FNDA:54,(anonymous_12)
FNDA:5,(anonymous_13)
FNDA:44,(anonymous_14)
FNDA:95,(anonymous_15)
FNDA:0,(anonymous_16)
FNDA:44,(anonymous_17)
FNDA:0,(anonymous_18)
FNDA:32,(anonymous_19)
FNDA:2,(anonymous_20)
FNDA:97,(anonymous_21)
DA:24,80
DA:25,80
DA:27,79
DA:28,79
DA:29,21
DA:30,21
DA:31,21
DA:32,21
DA:35,79
DA:36,0
DA:37,0
DA:40,79
DA:41,36
DA:42,0
DA:43,36
DA:44,36
DA:45,43
DA:46,1
DA:47,0
DA:48,1
DA:49,1
DA:52,79
DA:53,41
DA:54,19
DA:55,22
DA:56,0
DA:57,22
DA:58,22
DA:59,0
DA:62,79
DA:63,79
DA:67,76
DA:68,76
DA:69,3
DA:70,1
DA:73,79
DA:74,79
DA:79,32
DA:83,32
DA:84,32
DA:85,32
DA:89,2
DA:90,2
DA:91,2
DA:92,2
DA:95,1
DA:97,2
DA:98,2
DA:101,1
DA:104,1
DA:112,0
DA:115,0
DA:118,1
DA:119,1
DA:122,1
DA:125,3
DA:131,54
DA:132,54
DA:136,5
DA:137,5
DA:141,44
DA:142,44
DA:144,44
DA:145,44
DA:146,44
DA:147,0
DA:148,0
DA:149,0
DA:152,44
DA:153,44
DA:154,44
DA:158,95
DA:161,0
DA:165,44
DA:166,0
DA:169,44
DA:172,44
DA:173,44
DA:174,44
DA:175,66
DA:176,66
DA:178,44
DA:184,32
DA:186,32
DA:187,32
DA:188,32
DA:189,32
DA:192,2
DA:193,2
DA:196,97
DA:197,97
DA:198,97
DA:202,97
DA:203,97
DA:204,97
LF:95
LH:82
BRDA:23,0,0,1
BRDA:23,1,0,41
BRDA:23,2,0,79
BRDA:28,3,0,21
BRDA:28,3,1,58
BRDA:35,4,0,0
BRDA:35,4,1,79
BRDA:35,5,0,79
BRDA:35,5,1,0
BRDA:35,5,2,0
BRDA:40,6,0,36
BRDA:40,6,1,43
BRDA:41,7,0,0
BRDA:41,7,1,36
BRDA:45,8,0,1
BRDA:45,8,1,42
BRDA:45,9,0,43
BRDA:45,9,1,24
BRDA:45,9,2,24
BRDA:45,9,3,1
BRDA:45,9,4,1
BRDA:45,9,5,1
BRDA:46,10,0,0
BRDA:46,10,1,1
BRDA:52,11,0,41
BRDA:52,11,1,38
BRDA:53,12,0,19
BRDA:53,12,1,22
BRDA:55,13,0,0
BRDA:55,13,1,22
BRDA:55,14,0,22
BRDA:55,14,1,22
BRDA:57,15,0,22
BRDA:57,15,1,0
BRDA:57,16,0,22
BRDA:57,16,1,21
BRDA:57,16,2,1
BRDA:63,17,0,76
BRDA:63,17,1,3
BRDA:63,18,0,79
BRDA:63,18,1,72
BRDA:63,18,2,0
BRDA:63,18,3,0
BRDA:63,18,4,7
BRDA:69,19,0,1
BRDA:69,19,1,2
BRDA:69,20,0,3
BRDA:69,20,1,2
BRDA:73,21,0,79
BRDA:73,21,1,3
BRDA:78,22,0,1
BRDA:78,23,0,4
BRDA:95,24,0,0
BRDA:96,25,0,1
BRDA:98,26,0,1
BRDA:98,26,1,1
BRDA:98,27,0,2
BRDA:98,27,1,1
BRDA:98,27,2,1
BRDA:106,28,0,1
BRDA:106,28,1,0
BRDA:106,29,0,1
BRDA:106,29,1,0
BRDA:144,30,0,44
BRDA:144,30,1,0
BRDA:147,31,0,0
BRDA:147,31,1,0
BRDA:165,32,0,0
BRDA:165,32,1,44
BRDA:165,33,0,44
BRDA:165,33,1,0
BRDA:174,34,0,110
BRDA:174,34,1,67
BRF:73
BRH:56
end_of_record
TN:
SF:/Users/kevin/Projects/next/src/tensor/show.js
FN:52,showTexture
FNF:1
FNH:1
FNDA:1,showTexture
DA:3,1
DA:12,1
DA:53,1
DA:54,1
DA:55,1
DA:56,1
DA:57,1
DA:61,1
DA:62,0
DA:63,0
DA:64,0
DA:65,0
DA:66,0
DA:67,0
DA:70,1
DA:71,1
DA:72,1
DA:73,1
DA:74,1
DA:75,1
DA:76,1
DA:77,1
DA:78,1
DA:80,1
DA:81,1
DA:82,1
LF:26
LH:20
BRDA:52,0,0,0
BRDA:53,1,0,1
BRDA:53,1,1,0
BRDA:61,2,0,0
BRDA:61,2,1,1
BRDA:61,3,0,1
BRDA:61,3,1,0
BRDA:73,4,0,1
BRDA:73,4,1,1
BRDA:74,5,0,1
BRDA:74,5,1,1
BRDA:75,6,0,0
BRDA:75,6,1,1
BRDA:76,7,0,0
BRDA:76,7,1,1
BRDA:77,8,0,0
BRDA:77,8,1,1
BRDA:78,9,0,1
BRDA:78,9,1,1
BRF:19
BRH:12
end_of_record
